<?xml version="1.0" encoding="UTF-8"?>
<!-- Generated by org.testng.reporters.JUnitReportReporter -->
<testsuite hostname="DESKTOP-MJAVGCD" failures="0" tests="1" name="issue_check.Testengine3" time="29.066" errors="0" timestamp="2022-07-03T19:49:57 IST" skipped="0">
  <testcase classname="issue_check.Testengine3" name="main" time="29.066"/>
  <system-out/>
</testsuite> <!-- issue_check.Testengine3 -->
