<?xml version="1.0" encoding="UTF-8"?>
<!-- Generated by org.testng.reporters.JUnitReportReporter -->
<testsuite hostname="DESKTOP-MJAVGCD" failures="0" tests="1" name="issue_check.issue" time="47.690" errors="0" timestamp="2022-06-29T20:24:34 IST" skipped="0">
  <testcase classname="issue_check.issue" name="venkat" time="47.690"/>
  <system-out/>
</testsuite> <!-- issue_check.issue -->
