<?xml version="1.0" encoding="UTF-8"?>
<!-- Generated by org.testng.reporters.JUnitReportReporter -->
<testsuite hostname="DESKTOP-MJAVGCD" failures="0" tests="3" name="nightly_check.Testengine" time="0.016" errors="0" timestamp="2022-06-27T09:23:35 IST" skipped="0">
  <testcase classname="nightly_check.Testengine" name="computer" time="0.004"/>
  <system-out/>
  <testcase classname="nightly_check.Testengine" name="age" time="0.009"/>
  <system-out/>
  <testcase classname="nightly_check.Testengine" name="book" time="0.003"/>
  <system-out/>
</testsuite> <!-- nightly_check.Testengine -->
