<?xml version="1.0" encoding="UTF-8"?>
<!-- Generated by org.testng.reporters.JUnitReportReporter -->
<testsuite hostname="DESKTOP-MJAVGCD" failures="0" tests="9" name="nightly_check.Testengine2" time="0.170" errors="0" timestamp="2022-06-27T09:23:35 IST" skipped="0">
  <testcase classname="nightly_check.Testengine2" name="computer" time="0.004"/>
  <system-out/>
  <testcase classname="nightly_check.Testengine2" name="computer" time="0.010"/>
  <system-out/>
  <testcase classname="nightly_check.Testengine2" name="book" time="0.003"/>
  <system-out/>
  <testcase classname="nightly_check.Testengine2" name="computer" time="0.030"/>
  <system-out/>
  <testcase classname="nightly_check.Testengine2" name="book" time="0.031"/>
  <system-out/>
  <testcase classname="nightly_check.Testengine2" name="age" time="0.031"/>
  <system-out/>
  <testcase classname="nightly_check.Testengine2" name="age" time="0.049"/>
  <system-out/>
  <testcase classname="nightly_check.Testengine2" name="book" time="0.006"/>
  <system-out/>
  <testcase classname="nightly_check.Testengine2" name="age" time="0.006"/>
  <system-out/>
</testsuite> <!-- nightly_check.Testengine2 -->
